<?xml version="1.0" encoding="UTF-8"?>
<!-- Generated by org.testng.reporters.JUnitReportReporter -->
<testsuite name="Regression.Test1" tests="1" time="27.630" ignored="0" failures="0" timestamp="06 Jan 2020 04:07:02 GMT" skipped="0" hostname="DESKTOP-BJ2S468" errors="0">
  <testcase name="signup" time="27.630" classname="Regression.Test1"/>
</testsuite> <!-- Regression.Test1 -->
