<?xml version="1.0" encoding="UTF-8"?>
<!-- Generated by org.testng.reporters.JUnitReportReporter -->
<testsuite name="Property.Property_file" tests="1" time="0.035" ignored="0" failures="0" timestamp="06 Jan 2020 16:51:29 GMT" skipped="0" hostname="DESKTOP-BJ2S468" errors="0">
  <testcase name="getapplication" time="0.035" classname="Property.Property_file"/>
</testsuite> <!-- Property.Property_file -->
