<?xml version="1.0" encoding="UTF-8"?>
<!-- Generated by org.testng.reporters.JUnitReportReporter -->
<testsuite name="Property.Gecko_key_value" tests="1" time="0.015" ignored="0" failures="0" timestamp="06 Jan 2020 15:38:20 GMT" skipped="0" hostname="DESKTOP-BJ2S468" errors="0">
  <testcase name="getapplication" time="0.015" classname="Property.Gecko_key_value"/>
</testsuite> <!-- Property.Gecko_key_value -->
